# JRE version: 7.0_21-b11
# Java VM: Java HotSpot(TM) Client VM (23.21-b01 mixed mode windows-x86 )
Heap
 def new generation   total 4928K, used 3344K [0x051c0000, 0x05710000, 0x0a710000)
  eden space 4416K,  64% used [0x051c0000, 0x054842a8, 0x05610000)
  from space 512K, 100% used [0x05690000, 0x05710000, 0x05710000)
  to   space 512K,   0% used [0x05610000, 0x05610000, 0x05690000)
 tenured generation   total 10944K, used 3054K [0x0a710000, 0x0b1c0000, 0x151c0000)
   the space 10944K,  27% used [0x0a710000, 0x0aa0bab0, 0x0aa0bc00, 0x0b1c0000)
 compacting perm gen  total 12288K, used 6712K [0x151c0000, 0x15dc0000, 0x191c0000)
   the space 12288K,  54% used [0x151c0000, 0x1584e068, 0x1584e200, 0x15dc0000)
GC Heap History (6 events):
Event: 0.481 GC heap before
{Heap before GC invocations=0 (full 0):
 def new generation   total 4928K, used 4416K [0x051c0000, 0x05710000, 0x0a710000)
  eden space 4416K, 100% used [0x051c0000, 0x05610000, 0x05610000)
  from space 512K,   0% used [0x05610000, 0x05610000, 0x05690000)
  to   space 512K,   0% used [0x05690000, 0x05690000, 0x05710000)
 tenured generation   total 10944K, used 0K [0x0a710000, 0x0b1c0000, 0x151c0000)
   the space 10944K,   0% used [0x0a710000, 0x0a710000, 0x0a710200, 0x0b1c0000)
 compacting perm gen  total 12288K, used 2700K [0x151c0000, 0x15dc0000, 0x191c0000)
   the space 12288K,  21% used [0x151c0000, 0x154630f0, 0x15463200, 0x15dc0000)
No shared spaces configured.
Event: 0.483 GC heap after
Heap after GC invocations=1 (full 0):
 def new generation   total 4928K, used 512K [0x051c0000, 0x05710000, 0x0a710000)
  eden space 4416K,   0% used [0x051c0000, 0x051c0000, 0x05610000)
  from space 512K, 100% used [0x05690000, 0x05710000, 0x05710000)
  to   space 512K,   0% used [0x05610000, 0x05610000, 0x05690000)
 tenured generation   total 10944K, used 792K [0x0a710000, 0x0b1c0000, 0x151c0000)
   the space 10944K,   7% used [0x0a710000, 0x0a7d6298, 0x0a7d6400, 0x0b1c0000)
 compacting perm gen  total 12288K, used 2700K [0x151c0000, 0x15dc0000, 0x191c0000)
   the space 12288K,  21% used [0x151c0000, 0x154630f0, 0x15463200, 0x15dc0000)
No shared spaces configured.
}
Event: 0.596 GC heap before
{Heap before GC invocations=1 (full 0):
 def new generation   total 4928K, used 4928K [0x051c0000, 0x05710000, 0x0a710000)
  eden space 4416K, 100% used [0x051c0000, 0x05610000, 0x05610000)
  from space 512K, 100% used [0x05690000, 0x05710000, 0x05710000)
  to   space 512K,   0% used [0x05610000, 0x05610000, 0x05690000)
 tenured generation   total 10944K, used 792K [0x0a710000, 0x0b1c0000, 0x151c0000)
   the space 10944K,   7% used [0x0a710000, 0x0a7d6298, 0x0a7d6400, 0x0b1c0000)
 compacting perm gen  total 12288K, used 5445K [0x151c0000, 0x15dc0000, 0x191c0000)
   the space 12288K,  44% used [0x151c0000, 0x15711548, 0x15711600, 0x15dc0000)
No shared spaces configured.
Event: 0.600 GC heap after
Heap after GC invocations=2 (full 0):
 def new generation   total 4928K, used 512K [0x051c0000, 0x05710000, 0x0a710000)
  eden space 4416K,   0% used [0x051c0000, 0x051c0000, 0x05610000)
  from space 512K, 100% used [0x05610000, 0x05690000, 0x05690000)
  to   space 512K,   0% used [0x05690000, 0x05690000, 0x05710000)
 tenured generation   total 10944K, used 2076K [0x0a710000, 0x0b1c0000, 0x151c0000)
   the space 10944K,  18% used [0x0a710000, 0x0a917180, 0x0a917200, 0x0b1c0000)
 compacting perm gen  total 12288K, used 5445K [0x151c0000, 0x15dc0000, 0x191c0000)
   the space 12288K,  44% used [0x151c0000, 0x15711548, 0x15711600, 0x15dc0000)
No shared spaces configured.
}
Event: 0.682 GC heap before
{Heap before GC invocations=2 (full 0):
 def new generation   total 4928K, used 4928K [0x051c0000, 0x05710000, 0x0a710000)
  eden space 4416K, 100% used [0x051c0000, 0x05610000, 0x05610000)
  from space 512K, 100% used [0x05610000, 0x05690000, 0x05690000)
  to   space 512K,   0% used [0x05690000, 0x05690000, 0x05710000)
 tenured generation   total 10944K, used 2076K [0x0a710000, 0x0b1c0000, 0x151c0000)
   the space 10944K,  18% used [0x0a710000, 0x0a917180, 0x0a917200, 0x0b1c0000)
 compacting perm gen  total 12288K, used 6294K [0x151c0000, 0x15dc0000, 0x191c0000)
   the space 12288K,  51% used [0x151c0000, 0x157e59e0, 0x157e5a00, 0x15dc0000)
No shared spaces configured.
Event: 0.686 GC heap after
Heap after GC invocations=3 (full 0):
 def new generation   total 4928K, used 512K [0x051c0000, 0x05710000, 0x0a710000)
  eden space 4416K,   0% used [0x051c0000, 0x051c0000, 0x05610000)
  from space 512K, 100% used [0x05690000, 0x05710000, 0x05710000)
  to   space 512K,   0% used [0x05610000, 0x05610000, 0x05690000)
 tenured generation   total 10944K, used 3054K [0x0a710000, 0x0b1c0000, 0x151c0000)
   the space 10944K,  27% used [0x0a710000, 0x0aa0bab0, 0x0aa0bc00, 0x0b1c0000)
 compacting perm gen  total 12288K, used 6294K [0x151c0000, 0x15dc0000, 0x191c0000)
   the space 12288K,  51% used [0x151c0000, 0x157e59e0, 0x157e5a00, 0x15dc0000)
No shared spaces configured.
}

